<?xml version="1.0" encoding="UTF-8"?>
<testng-results ignored="0" total="2" passed="2" failed="0" skipped="0">
  <reporter-output>
  </reporter-output>
  <suite started-at="2022-01-08T23:41:34 EET" name="Deliveroo.co.uk" finished-at="2022-01-08T23:42:17 EET" duration-ms="42844">
    <groups>
      <group name="cucumber">
        <method signature="AbstractTestNGCucumberTests.runScenario(io.cucumber.testng.PickleWrapper,io.cucumber.testng.FeatureWrapper)[pri:0, instance:runner.TestRunner@1ba9117e]" name="runScenario" class="io.cucumber.testng.AbstractTestNGCucumberTests"/>
      </group> <!-- cucumber -->
    </groups>
    <test started-at="2022-01-08T23:41:34 EET" name="Regression Test" finished-at="2022-01-08T23:42:17 EET" duration-ms="42844">
      <class name="runner.TestRunner">
        <test-method is-config="true" signature="startDriver(java.lang.String)[pri:0, instance:runner.TestRunner@1ba9117e]" started-at="2022-01-08T23:41:30 EET" name="startDriver" finished-at="2022-01-08T23:41:34 EET" duration-ms="4645" status="PASS">
          <params>
            <param index="0">
              <value>
                <![CDATA[chrome]]>
              </value>
            </param>
          </params>
          <reporter-output>
          </reporter-output>
        </test-method> <!-- startDriver -->
        <test-method is-config="true" signature="setUpClass(org.testng.ITestContext)[pri:0, instance:runner.TestRunner@1ba9117e]" started-at="2022-01-08T23:41:34 EET" name="setUpClass" finished-at="2022-01-08T23:41:35 EET" duration-ms="506" status="PASS">
          <params>
            <param index="0">
              <value>
                <![CDATA[org.testng.TestRunner@4047d2d9]]>
              </value>
            </param>
          </params>
          <reporter-output>
          </reporter-output>
        </test-method> <!-- setUpClass -->
        <test-method signature="runScenario(io.cucumber.testng.PickleWrapper,io.cucumber.testng.FeatureWrapper)[pri:0, instance:runner.TestRunner@1ba9117e]" started-at="2022-01-08T23:41:35 EET" name="runScenario" description="Runs Cucumber Scenarios" data-provider="scenarios" finished-at="2022-01-08T23:41:48 EET" duration-ms="12933" status="PASS">
          <params>
            <param index="0">
              <value>
                <![CDATA["Unregistered user Can search for restaurants after adding his address"]]>
              </value>
            </param>
            <param index="1">
              <value>
                <![CDATA["Optional[User can add items to his Basket without registration]"]]>
              </value>
            </param>
          </params>
          <reporter-output>
          </reporter-output>
        </test-method> <!-- runScenario -->
        <test-method is-config="true" signature="screenshotOnFailure(org.testng.ITestResult)[pri:0, instance:runner.TestRunner@1ba9117e]" started-at="2022-01-08T23:41:48 EET" name="screenshotOnFailure" finished-at="2022-01-08T23:41:48 EET" duration-ms="0" status="PASS">
          <params>
            <param index="0">
              <value>
                <![CDATA[[TestResult name=runScenario status=SUCCESS method=AbstractTestNGCucumberTests.runScenario(io.cucumber.testng.PickleWrapper,io.cucumber.testng.FeatureWrapper)[pri:0, instance:runner.TestRunner@1ba9117e] output={null}]]]>
              </value>
            </param>
          </params>
          <reporter-output>
          </reporter-output>
        </test-method> <!-- screenshotOnFailure -->
        <test-method signature="runScenario(io.cucumber.testng.PickleWrapper,io.cucumber.testng.FeatureWrapper)[pri:0, instance:runner.TestRunner@1ba9117e]" started-at="2022-01-08T23:41:48 EET" name="runScenario" description="Runs Cucumber Scenarios" data-provider="scenarios" finished-at="2022-01-08T23:42:17 EET" duration-ms="29332" status="PASS">
          <params>
            <param index="0">
              <value>
                <![CDATA["Unregistered user get a free delivery when his basket reach the minimum cost for the free delivery items"]]>
              </value>
            </param>
            <param index="1">
              <value>
                <![CDATA["Optional[User can add items to his Basket without registration]"]]>
              </value>
            </param>
          </params>
          <reporter-output>
          </reporter-output>
        </test-method> <!-- runScenario -->
        <test-method is-config="true" signature="screenshotOnFailure(org.testng.ITestResult)[pri:0, instance:runner.TestRunner@1ba9117e]" started-at="2022-01-08T23:42:17 EET" name="screenshotOnFailure" finished-at="2022-01-08T23:42:17 EET" duration-ms="0" status="PASS">
          <params>
            <param index="0">
              <value>
                <![CDATA[[TestResult name=runScenario status=SUCCESS method=AbstractTestNGCucumberTests.runScenario(io.cucumber.testng.PickleWrapper,io.cucumber.testng.FeatureWrapper)[pri:0, instance:runner.TestRunner@1ba9117e] output={null}]]]>
              </value>
            </param>
          </params>
          <reporter-output>
          </reporter-output>
        </test-method> <!-- screenshotOnFailure -->
        <test-method is-config="true" signature="tearDownClass()[pri:0, instance:runner.TestRunner@1ba9117e]" started-at="2022-01-08T23:42:17 EET" name="tearDownClass" finished-at="2022-01-08T23:42:17 EET" duration-ms="42" status="PASS">
          <reporter-output>
          </reporter-output>
        </test-method> <!-- tearDownClass -->
        <test-method is-config="true" signature="stopDriver()[pri:0, instance:runner.TestRunner@1ba9117e]" started-at="2022-01-08T23:42:17 EET" name="stopDriver" finished-at="2022-01-08T23:42:18 EET" duration-ms="705" status="PASS">
          <reporter-output>
          </reporter-output>
        </test-method> <!-- stopDriver -->
      </class> <!-- runner.TestRunner -->
    </test> <!-- Regression Test -->
  </suite> <!-- Deliveroo.co.uk -->
</testng-results>
